Using pre-set license
Built from '2023.2/staging' branch; Version is '2023.2.7f1 (0a9195b3d453) revision 692629'; Using compiler version '193431935'; Build Type 'Release'
OS: 'Windows 10  (10.0.19045) 64bit Professional' Language: 'es' Physical Memory: 16176 MB
BatchMode: 1, IsHumanControllingUs: 0, StartBugReporterOnCrash: 0, Is64bit: 1, IsPro: 1

COMMAND LINE ARGUMENTS:
C:\Program Files\Unity\Hub\Editor\2023.2.7f1\Editor\Unity.exe
-adb2
-batchMode
-noUpm
-name
AssetImportWorker1
-projectPath
C:/Users/sdedf/OneDrive/Documentos/GitHub/MG_FNAF/MG_FNAF_OCT
-logFile
Logs/AssetImportWorker1.log
-srvPort
61543
-job-worker-count
5
-background-job-worker-count
8
-asset-garbage-collectors
1
Successfully changed project path to: C:/Users/sdedf/OneDrive/Documentos/GitHub/MG_FNAF/MG_FNAF_OCT
C:/Users/sdedf/OneDrive/Documentos/GitHub/MG_FNAF/MG_FNAF_OCT
[UnityMemory] Configuration Parameters - Can be set up in boot.config
    "memorysetup-bucket-allocator-granularity=16"
    "memorysetup-bucket-allocator-bucket-count=8"
    "memorysetup-bucket-allocator-block-size=33554432"
    "memorysetup-bucket-allocator-block-count=8"
    "memorysetup-main-allocator-block-size=16777216"
    "memorysetup-thread-allocator-block-size=16777216"
    "memorysetup-gfx-main-allocator-block-size=16777216"
    "memorysetup-gfx-thread-allocator-block-size=16777216"
    "memorysetup-cache-allocator-block-size=4194304"
    "memorysetup-typetree-allocator-block-size=2097152"
    "memorysetup-profiler-bucket-allocator-granularity=16"
    "memorysetup-profiler-bucket-allocator-bucket-count=8"
    "memorysetup-profiler-bucket-allocator-block-size=33554432"
    "memorysetup-profiler-bucket-allocator-block-count=8"
    "memorysetup-profiler-allocator-block-size=16777216"
    "memorysetup-profiler-editor-allocator-block-size=1048576"
    "memorysetup-temp-allocator-size-main=16777216"
    "memorysetup-job-temp-allocator-block-size=2097152"
    "memorysetup-job-temp-allocator-block-size-background=1048576"
    "memorysetup-job-temp-allocator-reduction-small-platforms=262144"
    "memorysetup-allocator-temp-initial-block-size-main=262144"
    "memorysetup-allocator-temp-initial-block-size-worker=262144"
    "memorysetup-temp-allocator-size-background-worker=32768"
    "memorysetup-temp-allocator-size-job-worker=262144"
    "memorysetup-temp-allocator-size-preload-manager=33554432"
    "memorysetup-temp-allocator-size-nav-mesh-worker=65536"
    "memorysetup-temp-allocator-size-audio-worker=65536"
    "memorysetup-temp-allocator-size-cloud-worker=32768"
    "memorysetup-temp-allocator-size-gi-baking-worker=262144"
    "memorysetup-temp-allocator-size-gi-baking-worker=262144"
    "memorysetup-temp-allocator-size-gi-baking-worker=262144"
    "memorysetup-temp-allocator-size-gi-baking-worker=262144"
    "memorysetup-temp-allocator-size-gfx=262144"
Player connection [14184] Host "[IP] 192.168.100.4 [Port] 0 [Flags] 2 [Guid] 2112219927 [EditorId] 2112219927 [Version] 1048832 [Id] WindowsEditor(7,DESKTOP-9CA05SE) [Debug] 1 [PackageName] WindowsEditor [ProjectName] Editor" joined multi-casting on [225.0.0.222:54997]...
Player connection [14184] Host "[IP] 192.168.100.4 [Port] 0 [Flags] 2 [Guid] 2112219927 [EditorId] 2112219927 [Version] 1048832 [Id] WindowsEditor(7,DESKTOP-9CA05SE) [Debug] 1 [PackageName] WindowsEditor [ProjectName] Editor" joined alternative multi-casting on [225.0.0.222:34997]...
JobSystem: Creating JobQueue using job-worker-count value 5
[Physics::Module] Initialized MultithreadedJobDispatcher with 5 workers.
Library Redirect Path: Library/
Refreshing native plugins compatible for Editor in 1.81 ms, found 3 plugins.
Preloading 0 native plugins for Editor in 0.00 ms.
Initialize engine version: 2023.2.7f1 (0a9195b3d453)
[Subsystems] Discovering subsystems at path C:/Program Files/Unity/Hub/Editor/2023.2.7f1/Editor/Data/Resources/UnitySubsystems
[Subsystems] Discovering subsystems at path C:/Users/sdedf/OneDrive/Documentos/GitHub/MG_FNAF/MG_FNAF_OCT/Assets
GfxDevice: creating device client; kGfxThreadingModeNonThreaded
Direct3D:
    Version:  Direct3D 11.0 [level 11.1]
    Renderer: NVIDIA GeForce RTX 4060 (ID=0x2882)
    Vendor:   NVIDIA
    VRAM:     7957 MB
    Driver:   31.0.15.5222
Initialize mono
Mono path[0] = 'C:/Program Files/Unity/Hub/Editor/2023.2.7f1/Editor/Data/Managed'
Mono path[1] = 'C:/Program Files/Unity/Hub/Editor/2023.2.7f1/Editor/Data/MonoBleedingEdge/lib/mono/unityjit-win32'
Mono config path = 'C:/Program Files/Unity/Hub/Editor/2023.2.7f1/Editor/Data/MonoBleedingEdge/etc'
Using monoOptions --debugger-agent=transport=dt_socket,embedding=1,server=y,suspend=n,address=127.0.0.1:56112
Begin MonoManager ReloadAssembly
C:\build\output\Unity-Technologies\mono\mono\metadata\icall.c:1842:
C:\build\output\Unity-Technologies\mono\mono\metadata\icall.c:1842:
C:\build\output\Unity-Technologies\mono\mono\metadata\icall.c:1842:
C:\build\output\Unity-Technologies\mono\mono\metadata\icall.c:1842:
C:\build\output\Unity-Technologies\mono\mono\metadata\icall.c:1842:
C:\build\output\Unity-Technologies\mono\mono\metadata\icall.c:1842:
C:\build\output\Unity-Technologies\mono\mono\metadata\icall.c:1842:
C:\build\output\Unity-Technologies\mono\mono\metadata\icall.c:1842:
C:\build\output\Unity-Technologies\mono\mono\metadata\icall.c:1842:
C:\build\output\Unity-Technologies\mono\mono\metadata\icall.c:1842:
Registering precompiled unity dll's ...
Register platform support module: C:/Program Files/Unity/Hub/Editor/2023.2.7f1/Editor/Data/PlaybackEngines/WindowsStandaloneSupport/UnityEditor.WindowsStandalone.Extensions.dll
Registered in 0.004160 seconds.
- Loaded All Assemblies, in  0.668 seconds
Native extension for WindowsStandalone target not found
Mono: successfully reloaded assembly
C:\build\output\Unity-Technologies\mono\mono\metadata\icall.c:1842:
C:\build\output\Unity-Technologies\mono\mono\metadata\icall.c:1842:
- Finished resetting the current domain, in  0.559 seconds
Domain Reload Profiling: 1224ms
	BeginReloadAssembly (243ms)
		ExecutionOrderSort (0ms)
		DisableScriptedObjects (0ms)
		BackupInstance (0ms)
		ReleaseScriptingObjects (0ms)
		CreateAndSetChildDomain (1ms)
	RebuildCommonClasses (66ms)
	RebuildNativeTypeToScriptingClass (21ms)
	initialDomainReloadingComplete (79ms)
	LoadAllAssembliesAndSetupDomain (255ms)
		LoadAssemblies (236ms)
		RebuildTransferFunctionScriptingTraits (0ms)
		AnalyzeDomain (252ms)
			TypeCache.Refresh (250ms)
				TypeCache.ScanAssembly (228ms)
			BuildScriptInfoCaches (0ms)
			ResolveRequiredComponents (1ms)
	FinalizeReload (560ms)
		ReleaseScriptCaches (0ms)
		RebuildScriptCaches (0ms)
		SetupLoadedEditorAssemblies (488ms)
			LogAssemblyErrors (0ms)
			InitializePlatformSupportModulesInManaged (13ms)
			SetLoadedEditorAssemblies (7ms)
			BeforeProcessingInitializeOnLoad (11ms)
			ProcessInitializeOnLoadAttributes (355ms)
			ProcessInitializeOnLoadMethodAttributes (102ms)
			AfterProcessingInitializeOnLoad (0ms)
			EditorAssembliesLoaded (0ms)
		ExecutionOrderSort2 (0ms)
		AwakeInstancesAfterBackupRestoration (0ms)
========================================================================
Worker process is ready to serve import requests
Import Worker Mode flag is 0x00
Begin MonoManager ReloadAssembly
C:\build\output\Unity-Technologies\mono\mono\metadata\icall.c:1842:
C:\build\output\Unity-Technologies\mono\mono\metadata\icall.c:1842:
C:\build\output\Unity-Technologies\mono\mono\metadata\icall.c:1842:
C:\build\output\Unity-Technologies\mono\mono\metadata\icall.c:1842:
C:\build\output\Unity-Technologies\mono\mono\metadata\icall.c:1842:
C:\build\output\Unity-Technologies\mono\mono\metadata\icall.c:1842:
C:\build\output\Unity-Technologies\mono\mono\metadata\icall.c:1842:
C:\build\output\Unity-Technologies\mono\mono\metadata\icall.c:1842:
C:\build\output\Unity-Technologies\mono\mono\metadata\icall.c:1842:
C:\build\output\Unity-Technologies\mono\mono\metadata\icall.c:1842:
C:\build\output\Unity-Technologies\mono\mono\metadata\icall.c:1842:
C:\build\output\Unity-Technologies\mono\mono\metadata\icall.c:1842:
Symbol file LoadedFromMemory doesn't match image C:\Users\sdedf\OneDrive\Documentos\GitHub\MG_FNAF\MG_FNAF_OCT\Library\PackageCache\com.unity.visualscripting@1.8.0\Editor\VisualScripting.Core\Dependencies\YamlDotNet\Unity.VisualScripting.YamlDotNet.dll
Symbol file LoadedFromMemory doesn't match image C:\Users\sdedf\OneDrive\Documentos\GitHub\MG_FNAF\MG_FNAF_OCT\Library\PackageCache\com.unity.visualscripting@1.8.0\Editor\VisualScripting.Core\Dependencies\DotNetZip\Unity.VisualScripting.IonicZip.dll
- Loaded All Assemblies, in  1.120 seconds
Refreshing native plugins compatible for Editor in 0.92 ms, found 3 plugins.
Native extension for WindowsStandalone target not found
Mono: successfully reloaded assembly
- Finished resetting the current domain, in  0.771 seconds
Domain Reload Profiling: 1885ms
	BeginReloadAssembly (414ms)
		ExecutionOrderSort (0ms)
		DisableScriptedObjects (7ms)
		BackupInstance (0ms)
		ReleaseScriptingObjects (0ms)
		CreateAndSetChildDomain (41ms)
	RebuildCommonClasses (50ms)
	RebuildNativeTypeToScriptingClass (21ms)
	initialDomainReloadingComplete (52ms)
	LoadAllAssembliesAndSetupDomain (577ms)
		LoadAssemblies (484ms)
		RebuildTransferFunctionScriptingTraits (0ms)
		AnalyzeDomain (226ms)
			TypeCache.Refresh (194ms)
				TypeCache.ScanAssembly (175ms)
			BuildScriptInfoCaches (24ms)
			ResolveRequiredComponents (4ms)
	FinalizeReload (772ms)
		ReleaseScriptCaches (0ms)
		RebuildScriptCaches (0ms)
		SetupLoadedEditorAssemblies (523ms)
			LogAssemblyErrors (0ms)
			InitializePlatformSupportModulesInManaged (3ms)
			SetLoadedEditorAssemblies (5ms)
			BeforeProcessingInitializeOnLoad (54ms)
			ProcessInitializeOnLoadAttributes (423ms)
			ProcessInitializeOnLoadMethodAttributes (30ms)
			AfterProcessingInitializeOnLoad (8ms)
			EditorAssembliesLoaded (0ms)
		ExecutionOrderSort2 (0ms)
		AwakeInstancesAfterBackupRestoration (7ms)
Launched and connected shader compiler UnityShaderCompiler.exe after 0.02 seconds
Refreshing native plugins compatible for Editor in 1.67 ms, found 3 plugins.
Preloading 0 native plugins for Editor in 0.00 ms.
Unloading 9 Unused Serialized files (Serialized files now loaded: 0)
Unloading 3151 unused Assets / (1.2 MB). Loaded Objects now: 3709.
Memory consumption went from 115.3 MB to 114.1 MB.
Total: 9.731100 ms (FindLiveObjects: 0.513800 ms CreateObjectMapping: 0.377800 ms MarkObjects: 6.402100 ms  DeleteObjects: 2.433600 ms)

========================================================================
Received Import Request.
  Time since last request: 182883.148784 seconds.
  path: Assets/Models/Pizzeria/textures/Celling_normal.png
  artifactKey: Guid(925aa6b9d72738748aa56768a67f4028) Importer(815301076,1909f56bfc062723c751e8b465ee728b)
Start importing Assets/Models/Pizzeria/textures/Celling_normal.png using Guid(925aa6b9d72738748aa56768a67f4028) Importer(815301076,1909f56bfc062723c751e8b465ee728b) (PreviewImporter) -> (artifact id: '3b7c8127b8eeddd678ae02c53ee9c336') in 0.0962321 seconds
Number of updated asset objects reloaded before import = 0Number of asset objects unloaded after import = 2

========================================================================
Received Import Request.
  Time since last request: 0.000044 seconds.
  path: Assets/Models/Pizzeria/textures/Wall3_normal.png
  artifactKey: Guid(6ef1d2063e766904b981a8f5a6cf6f3a) Importer(815301076,1909f56bfc062723c751e8b465ee728b)
Start importing Assets/Models/Pizzeria/textures/Wall3_normal.png using Guid(6ef1d2063e766904b981a8f5a6cf6f3a) Importer(815301076,1909f56bfc062723c751e8b465ee728b) (PreviewImporter) -> (artifact id: 'f533591c046f5491ecc04e5302f55280') in 0.0216177 seconds
Number of updated asset objects reloaded before import = 0Number of asset objects unloaded after import = 2

========================================================================
Received Import Request.
  Time since last request: 0.000022 seconds.
  path: Assets/Models/Pizzeria/textures/Floor1_baseColor.png
  artifactKey: Guid(3aa29389e65fe384a8797cbc93ff22bd) Importer(815301076,1909f56bfc062723c751e8b465ee728b)
Start importing Assets/Models/Pizzeria/textures/Floor1_baseColor.png using Guid(3aa29389e65fe384a8797cbc93ff22bd) Importer(815301076,1909f56bfc062723c751e8b465ee728b) (PreviewImporter) -> (artifact id: 'd59e98ec4399801c02f7b525fe57931f') in 0.0213631 seconds
Number of updated asset objects reloaded before import = 0Number of asset objects unloaded after import = 2

========================================================================
Received Import Request.
  Time since last request: 12.388319 seconds.
  path: Assets/Sprites/Cam_Map.png
  artifactKey: Guid(88957309e3d3c8949a296ef162a8888c) Importer(815301076,1909f56bfc062723c751e8b465ee728b)
Start importing Assets/Sprites/Cam_Map.png using Guid(88957309e3d3c8949a296ef162a8888c) Importer(815301076,1909f56bfc062723c751e8b465ee728b) (PreviewImporter) -> (artifact id: 'de36d12451eb4b097af9b8c5c3759bda') in 0.0643316 seconds
Number of updated asset objects reloaded before import = 0Number of asset objects unloaded after import = 3

========================================================================
Received Import Request.
  Time since last request: 0.988375 seconds.
  path: Assets/Sounds/FNaF1_Cambiar_camara.mp3
  artifactKey: Guid(c16364fb4d2b406489660a7d187f7d5c) Importer(815301076,1909f56bfc062723c751e8b465ee728b)
Start importing Assets/Sounds/FNaF1_Cambiar_camara.mp3 using Guid(c16364fb4d2b406489660a7d187f7d5c) Importer(815301076,1909f56bfc062723c751e8b465ee728b) (PreviewImporter) -> (artifact id: 'd1f6716d8fa84ea4c62643ecdff2478b') in 0.0524774 seconds
Number of updated asset objects reloaded before import = 0Number of asset objects unloaded after import = 2

========================================================================
Received Import Request.
  Time since last request: 0.000069 seconds.
  path: Assets/Sounds/FNaF1_Usando_monitor.mp3
  artifactKey: Guid(e6c5edf3e66a56b4e9856588e4a0fa76) Importer(815301076,1909f56bfc062723c751e8b465ee728b)
Start importing Assets/Sounds/FNaF1_Usando_monitor.mp3 using Guid(e6c5edf3e66a56b4e9856588e4a0fa76) Importer(815301076,1909f56bfc062723c751e8b465ee728b) (PreviewImporter) -> (artifact id: 'dee2d75a3fc5b80ede99e7f6e66936d5') in 0.0179825 seconds
Number of updated asset objects reloaded before import = 0Number of asset objects unloaded after import = 2

========================================================================
Received Import Request.
  Time since last request: 0.000049 seconds.
  path: Assets/Sounds/FNaF1_Ventilador_y_luz_Office.mp3
  artifactKey: Guid(2d5a9dbc59ebc5b4992430357b318991) Importer(815301076,1909f56bfc062723c751e8b465ee728b)
Start importing Assets/Sounds/FNaF1_Ventilador_y_luz_Office.mp3 using Guid(2d5a9dbc59ebc5b4992430357b318991) Importer(815301076,1909f56bfc062723c751e8b465ee728b) (PreviewImporter) -> (artifact id: 'd30828ab7d85496ea0cddc025832784a') in 0.0179097 seconds
Number of updated asset objects reloaded before import = 0Number of asset objects unloaded after import = 2

========================================================================
Received Import Request.
  Time since last request: 654.463053 seconds.
  path: Assets/Scenes/Modelos/Joker_Alpha.jpg
  artifactKey: Guid(bc1175c4d478c8347b37a77606d79cfa) Importer(815301076,1909f56bfc062723c751e8b465ee728b)
Start importing Assets/Scenes/Modelos/Joker_Alpha.jpg using Guid(bc1175c4d478c8347b37a77606d79cfa) Importer(815301076,1909f56bfc062723c751e8b465ee728b) (PreviewImporter) -> (artifact id: 'f1f904c75bdb9fe359d22ae2992823bc') in 0.0242099 seconds
Number of updated asset objects reloaded before import = 0Number of asset objects unloaded after import = 2

========================================================================
Received Import Request.
  Time since last request: 0.000035 seconds.
  path: Assets/Scenes/Modelos/Joker_Normal.jpg
  artifactKey: Guid(dc2bb897dfb8ab546984ce5dc8bc488e) Importer(815301076,1909f56bfc062723c751e8b465ee728b)
Start importing Assets/Scenes/Modelos/Joker_Normal.jpg using Guid(dc2bb897dfb8ab546984ce5dc8bc488e) Importer(815301076,1909f56bfc062723c751e8b465ee728b) (PreviewImporter) -> (artifact id: '24eb78876a966932f047354f40ed5f70') in 0.0279136 seconds
Number of updated asset objects reloaded before import = 0Number of asset objects unloaded after import = 2

========================================================================
Received Import Request.
  Time since last request: 0.000037 seconds.
  path: Assets/Scenes/Modelos/Joker_Specular.jpg
  artifactKey: Guid(781dfa258aecd0e45b45984f4492ce21) Importer(815301076,1909f56bfc062723c751e8b465ee728b)
Start importing Assets/Scenes/Modelos/Joker_Specular.jpg using Guid(781dfa258aecd0e45b45984f4492ce21) Importer(815301076,1909f56bfc062723c751e8b465ee728b) (PreviewImporter) -> (artifact id: '78be43b519e3d2628bfe3f8567470afe') in 0.0256034 seconds
Number of updated asset objects reloaded before import = 0Number of asset objects unloaded after import = 2

========================================================================
Received Import Request.
  Time since last request: 0.000031 seconds.
  path: Assets/Scenes/Modelos/Joker_Diffuse.jpg
  artifactKey: Guid(a80079676604a59459715cb96ce47c3e) Importer(815301076,1909f56bfc062723c751e8b465ee728b)
Start importing Assets/Scenes/Modelos/Joker_Diffuse.jpg using Guid(a80079676604a59459715cb96ce47c3e) Importer(815301076,1909f56bfc062723c751e8b465ee728b) (PreviewImporter) -> (artifact id: 'e607cda4b8c8b9edc07d25d1df7945b5') in 0.0204444 seconds
Number of updated asset objects reloaded before import = 0Number of asset objects unloaded after import = 2

========================================================================
Received Import Request.
  Time since last request: 609.128069 seconds.
  path: Assets/Scenes/Modelos/El pinguino/bumpmap_flat.png
  artifactKey: Guid(3253a03fedc7cbe4bae96a96d31e0b2e) Importer(815301076,1909f56bfc062723c751e8b465ee728b)
Start importing Assets/Scenes/Modelos/El pinguino/bumpmap_flat.png using Guid(3253a03fedc7cbe4bae96a96d31e0b2e) Importer(815301076,1909f56bfc062723c751e8b465ee728b) (PreviewImporter) -> (artifact id: '3952cc2bacbfec0e1219f28d2338d0c8') in 0.0203449 seconds
Number of updated asset objects reloaded before import = 0Number of asset objects unloaded after import = 2

========================================================================
Received Import Request.
  Time since last request: 0.000034 seconds.
  path: Assets/Scenes/Modelos/El pinguino/eye_reflection.png
  artifactKey: Guid(6fa1a2a599428e046b8d9ccff79ea9bf) Importer(815301076,1909f56bfc062723c751e8b465ee728b)
Start importing Assets/Scenes/Modelos/El pinguino/eye_reflection.png using Guid(6fa1a2a599428e046b8d9ccff79ea9bf) Importer(815301076,1909f56bfc062723c751e8b465ee728b) (PreviewImporter) -> (artifact id: '2021962b85213d0d15c5b72d6dc3899e') in 0.0296184 seconds
Number of updated asset objects reloaded before import = 0Number of asset objects unloaded after import = 2

========================================================================
Received Import Request.
  Time since last request: 0.000032 seconds.
  path: Assets/Scenes/Modelos/El pinguino/Penguin_BM3_Teeth_D.png
  artifactKey: Guid(34a9b66b332ab234fb354419ab2d03f2) Importer(815301076,1909f56bfc062723c751e8b465ee728b)
Start importing Assets/Scenes/Modelos/El pinguino/Penguin_BM3_Teeth_D.png using Guid(34a9b66b332ab234fb354419ab2d03f2) Importer(815301076,1909f56bfc062723c751e8b465ee728b) (PreviewImporter) -> (artifact id: '67b3313c4fc7371bcebe516bc45abb90') in 0.0226776 seconds
Number of updated asset objects reloaded before import = 0Number of asset objects unloaded after import = 2

========================================================================
Received Import Request.
  Time since last request: 0.000053 seconds.
  path: Assets/Scenes/Modelos/El pinguino/Penguin_BM3_Arms_N.png
  artifactKey: Guid(8490a662757478448a45f5c692a58b1b) Importer(815301076,1909f56bfc062723c751e8b465ee728b)
Start importing Assets/Scenes/Modelos/El pinguino/Penguin_BM3_Arms_N.png using Guid(8490a662757478448a45f5c692a58b1b) Importer(815301076,1909f56bfc062723c751e8b465ee728b) (PreviewImporter) -> (artifact id: '205a2a3f360ce66d6657aceaa724f27d') in 0.022361 seconds
Number of updated asset objects reloaded before import = 0Number of asset objects unloaded after import = 2

========================================================================
Received Import Request.
  Time since last request: 0.000040 seconds.
  path: Assets/Scenes/Modelos/El pinguino/Penguin_BM3_Watch_D.png
  artifactKey: Guid(8a743677cd51f554eabe46b3ff8cfd3a) Importer(815301076,1909f56bfc062723c751e8b465ee728b)
Start importing Assets/Scenes/Modelos/El pinguino/Penguin_BM3_Watch_D.png using Guid(8a743677cd51f554eabe46b3ff8cfd3a) Importer(815301076,1909f56bfc062723c751e8b465ee728b) (PreviewImporter) -> (artifact id: 'bce47e1af083acff95e56a1efdb8dfc0') in 0.0229017 seconds
Number of updated asset objects reloaded before import = 0Number of asset objects unloaded after import = 2

========================================================================
Received Import Request.
  Time since last request: 0.000037 seconds.
  path: Assets/Scenes/Modelos/El pinguino/Penguin_BM3_Watch_N.png
  artifactKey: Guid(98d56d17e349db24aaa6f8a1e487f33c) Importer(815301076,1909f56bfc062723c751e8b465ee728b)
Start importing Assets/Scenes/Modelos/El pinguino/Penguin_BM3_Watch_N.png using Guid(98d56d17e349db24aaa6f8a1e487f33c) Importer(815301076,1909f56bfc062723c751e8b465ee728b) (PreviewImporter) -> (artifact id: '2032af1093ea545e418a73f647d46d47') in 0.0208698 seconds
Number of updated asset objects reloaded before import = 0Number of asset objects unloaded after import = 2

========================================================================
Received Import Request.
  Time since last request: 0.000031 seconds.
  path: Assets/Scenes/Modelos/El pinguino/Penguin_BM3_Teeth_N.png
  artifactKey: Guid(0c3723015ec6f7c48994ef9c75d50dff) Importer(815301076,1909f56bfc062723c751e8b465ee728b)
Start importing Assets/Scenes/Modelos/El pinguino/Penguin_BM3_Teeth_N.png using Guid(0c3723015ec6f7c48994ef9c75d50dff) Importer(815301076,1909f56bfc062723c751e8b465ee728b) (PreviewImporter) -> (artifact id: '9877f1a5e920fa53e2b362ea1632a429') in 0.0206478 seconds
Number of updated asset objects reloaded before import = 0Number of asset objects unloaded after import = 2

========================================================================
Received Import Request.
  Time since last request: 0.000031 seconds.
  path: Assets/Scenes/Modelos/El pinguino/Penguin_Eye_High_D2.png
  artifactKey: Guid(4b1fcf7acb92ac84ba46a61c2eef1269) Importer(815301076,1909f56bfc062723c751e8b465ee728b)
Start importing Assets/Scenes/Modelos/El pinguino/Penguin_Eye_High_D2.png using Guid(4b1fcf7acb92ac84ba46a61c2eef1269) Importer(815301076,1909f56bfc062723c751e8b465ee728b) (PreviewImporter) -> (artifact id: 'd76d457a380f4ddcebab1f16a8eb2a92') in 0.0469555 seconds
Number of updated asset objects reloaded before import = 0Number of asset objects unloaded after import = 2

========================================================================
Received Import Request.
  Time since last request: 0.000036 seconds.
  path: Assets/Scenes/Modelos/El pinguino/Penguin_BM3_Head_N.png
  artifactKey: Guid(ea9da6620a261d346b2116c3937562ea) Importer(815301076,1909f56bfc062723c751e8b465ee728b)
Start importing Assets/Scenes/Modelos/El pinguino/Penguin_BM3_Head_N.png using Guid(ea9da6620a261d346b2116c3937562ea) Importer(815301076,1909f56bfc062723c751e8b465ee728b) (PreviewImporter) -> (artifact id: 'a977cf71277b6ccf2189b4e378f0594f') in 0.0300922 seconds
Number of updated asset objects reloaded before import = 0Number of asset objects unloaded after import = 2

========================================================================
Received Import Request.
  Time since last request: 0.000023 seconds.
  path: Assets/Scenes/Modelos/El pinguino/Penguin_BM3_Shirt_N.png
  artifactKey: Guid(68ad54ac94a0e2c44aadbfb698fed19e) Importer(815301076,1909f56bfc062723c751e8b465ee728b)
Start importing Assets/Scenes/Modelos/El pinguino/Penguin_BM3_Shirt_N.png using Guid(68ad54ac94a0e2c44aadbfb698fed19e) Importer(815301076,1909f56bfc062723c751e8b465ee728b) (PreviewImporter) -> (artifact id: '0396c0a7073a79fcbc0fea7d99f355bb') in 0.0247774 seconds
Number of updated asset objects reloaded before import = 0Number of asset objects unloaded after import = 2

========================================================================
Received Import Request.
  Time since last request: 0.000031 seconds.
  path: Assets/Scenes/Modelos/El pinguino/Penguin_Eye_High_N2.png
  artifactKey: Guid(4139d02881e11a54a8536d1ccc3363ad) Importer(815301076,1909f56bfc062723c751e8b465ee728b)
Start importing Assets/Scenes/Modelos/El pinguino/Penguin_Eye_High_N2.png using Guid(4139d02881e11a54a8536d1ccc3363ad) Importer(815301076,1909f56bfc062723c751e8b465ee728b) (PreviewImporter) -> (artifact id: '2dc0779ed661b8d187847c598a17c18f') in 0.0206784 seconds
Number of updated asset objects reloaded before import = 0Number of asset objects unloaded after import = 2

========================================================================
Received Import Request.
  Time since last request: 0.000037 seconds.
  path: Assets/Scenes/Modelos/El pinguino/Penguin_BM3_Trousers_N.png
  artifactKey: Guid(0459716214114e543aee86d57988ca50) Importer(815301076,1909f56bfc062723c751e8b465ee728b)
Start importing Assets/Scenes/Modelos/El pinguino/Penguin_BM3_Trousers_N.png using Guid(0459716214114e543aee86d57988ca50) Importer(815301076,1909f56bfc062723c751e8b465ee728b) (PreviewImporter) -> (artifact id: 'cc8a9befdb2abb04db57d9b3c31c8599') in 0.0204837 seconds
Number of updated asset objects reloaded before import = 0Number of asset objects unloaded after import = 2

========================================================================
Received Import Request.
  Time since last request: 0.000038 seconds.
  path: Assets/Scenes/Modelos/El pinguino/Penguin_BM3_Shirts_D.png
  artifactKey: Guid(b23c81acbe85212479639516846df8ae) Importer(815301076,1909f56bfc062723c751e8b465ee728b)
Start importing Assets/Scenes/Modelos/El pinguino/Penguin_BM3_Shirts_D.png using Guid(b23c81acbe85212479639516846df8ae) Importer(815301076,1909f56bfc062723c751e8b465ee728b) (PreviewImporter) -> (artifact id: 'c28be4b1e91a1606d07087708d7f83e8') in 0.0242305 seconds
Number of updated asset objects reloaded before import = 0Number of asset objects unloaded after import = 2

========================================================================
Received Import Request.
  Time since last request: 0.000025 seconds.
  path: Assets/Scenes/Modelos/El pinguino/Penguin_BM3_Bottle_D.png
  artifactKey: Guid(b811808b5fddde94f98b003309254072) Importer(815301076,1909f56bfc062723c751e8b465ee728b)
Start importing Assets/Scenes/Modelos/El pinguino/Penguin_BM3_Bottle_D.png using Guid(b811808b5fddde94f98b003309254072) Importer(815301076,1909f56bfc062723c751e8b465ee728b) (PreviewImporter) -> (artifact id: '930d68cd4934d41341f9312022662ae7') in 0.0203566 seconds
Number of updated asset objects reloaded before import = 0Number of asset objects unloaded after import = 2

========================================================================
Received Import Request.
  Time since last request: 0.000033 seconds.
  path: Assets/Scenes/Modelos/El pinguino/Penguin_BM3_Bottle_N.png
  artifactKey: Guid(9c6661dc9e2bd2544b2f0a4ea1137ec4) Importer(815301076,1909f56bfc062723c751e8b465ee728b)
Start importing Assets/Scenes/Modelos/El pinguino/Penguin_BM3_Bottle_N.png using Guid(9c6661dc9e2bd2544b2f0a4ea1137ec4) Importer(815301076,1909f56bfc062723c751e8b465ee728b) (PreviewImporter) -> (artifact id: 'd778e1d2bd5a9aff2162ba4f1c831fd3') in 0.020167 seconds
Number of updated asset objects reloaded before import = 0Number of asset objects unloaded after import = 2

========================================================================
Received Import Request.
  Time since last request: 0.000026 seconds.
  path: Assets/Scenes/Modelos/El pinguino/Penguin_BM3_Trousers_D.png
  artifactKey: Guid(fd2da0c9942d0294786a4d14b5b86fc8) Importer(815301076,1909f56bfc062723c751e8b465ee728b)
Start importing Assets/Scenes/Modelos/El pinguino/Penguin_BM3_Trousers_D.png using Guid(fd2da0c9942d0294786a4d14b5b86fc8) Importer(815301076,1909f56bfc062723c751e8b465ee728b) (PreviewImporter) -> (artifact id: '5af86d02cc0b9733ce30a3c70e88ddb4') in 0.02244 seconds
Number of updated asset objects reloaded before import = 0Number of asset objects unloaded after import = 2

========================================================================
Received Import Request.
  Time since last request: 0.000025 seconds.
  path: Assets/Scenes/Modelos/El pinguino/Gordon_BM3_Wetline_R.png
  artifactKey: Guid(5d9c4759e53c1cf4ca27a640a8f0435c) Importer(815301076,1909f56bfc062723c751e8b465ee728b)
Start importing Assets/Scenes/Modelos/El pinguino/Gordon_BM3_Wetline_R.png using Guid(5d9c4759e53c1cf4ca27a640a8f0435c) Importer(815301076,1909f56bfc062723c751e8b465ee728b) (PreviewImporter) -> (artifact id: 'd57610851d0cd0a7d1f03f92e6869f2c') in 0.017889 seconds
Number of updated asset objects reloaded before import = 0Number of asset objects unloaded after import = 2

========================================================================
Received Import Request.
  Time since last request: 0.000030 seconds.
  path: Assets/Scenes/Modelos/El pinguino/Penguin_BM3_Head_D.png
  artifactKey: Guid(e2c202921916489469cde55ef44311d3) Importer(815301076,1909f56bfc062723c751e8b465ee728b)
Start importing Assets/Scenes/Modelos/El pinguino/Penguin_BM3_Head_D.png using Guid(e2c202921916489469cde55ef44311d3) Importer(815301076,1909f56bfc062723c751e8b465ee728b) (PreviewImporter) -> (artifact id: 'cc950a48fd97638bfd4202954b2cff6b') in 0.0238097 seconds
Number of updated asset objects reloaded before import = 0Number of asset objects unloaded after import = 2

========================================================================
Received Import Request.
  Time since last request: 0.000030 seconds.
  path: Assets/Scenes/Modelos/El pinguino/Penguin_Bandage_Threads_D.png
  artifactKey: Guid(10e0d9d6c0da84e4abd6f06cff2fb67b) Importer(815301076,1909f56bfc062723c751e8b465ee728b)
Start importing Assets/Scenes/Modelos/El pinguino/Penguin_Bandage_Threads_D.png using Guid(10e0d9d6c0da84e4abd6f06cff2fb67b) Importer(815301076,1909f56bfc062723c751e8b465ee728b) (PreviewImporter) -> (artifact id: '1b4abadabcac2f851ade2b249f304625') in 0.0231402 seconds
Number of updated asset objects reloaded before import = 0Number of asset objects unloaded after import = 2

========================================================================
Received Import Request.
  Time since last request: 206.652732 seconds.
  path: Assets/Scenes/Modelos/El pinguino/Penguin_Body_N.png
  artifactKey: Guid(04caea51f2806804f80dac41544ee4c1) Importer(815301076,1909f56bfc062723c751e8b465ee728b)
Start importing Assets/Scenes/Modelos/El pinguino/Penguin_Body_N.png using Guid(04caea51f2806804f80dac41544ee4c1) Importer(815301076,1909f56bfc062723c751e8b465ee728b) (PreviewImporter) -> (artifact id: '9ec667adce6dc6a6f1ef7e90e4ba42e7') in 0.0328637 seconds
Number of updated asset objects reloaded before import = 0Number of asset objects unloaded after import = 2

========================================================================
Received Import Request.
  Time since last request: 0.000104 seconds.
  path: Assets/Scenes/Modelos/El pinguino/Penguin_Hair_N.png
  artifactKey: Guid(62207af46c5ec7b419388068a792b6c7) Importer(815301076,1909f56bfc062723c751e8b465ee728b)
Start importing Assets/Scenes/Modelos/El pinguino/Penguin_Hair_N.png using Guid(62207af46c5ec7b419388068a792b6c7) Importer(815301076,1909f56bfc062723c751e8b465ee728b) (PreviewImporter) -> (artifact id: '50a52d533f0d8dfaba2b8749bd94b565') in 0.0259067 seconds
Number of updated asset objects reloaded before import = 0Number of asset objects unloaded after import = 2

========================================================================
Received Import Request.
  Time since last request: 0.000035 seconds.
  path: Assets/Scenes/Modelos/El pinguino/Penguin_Head_N.png
  artifactKey: Guid(9d502dae992f3cf45a4ad9031a36934f) Importer(815301076,1909f56bfc062723c751e8b465ee728b)
Start importing Assets/Scenes/Modelos/El pinguino/Penguin_Head_N.png using Guid(9d502dae992f3cf45a4ad9031a36934f) Importer(815301076,1909f56bfc062723c751e8b465ee728b) (PreviewImporter) -> (artifact id: '6660740febbe740d2b4e636696f7f1fb') in 0.0237936 seconds
Number of updated asset objects reloaded before import = 0Number of asset objects unloaded after import = 2

========================================================================
Received Import Request.
  Time since last request: 0.000030 seconds.
  path: Assets/Scenes/Modelos/El pinguino/Penguin_Hair_D.png
  artifactKey: Guid(a1b42682975025e439bf2c5dc2f83c8c) Importer(815301076,1909f56bfc062723c751e8b465ee728b)
Start importing Assets/Scenes/Modelos/El pinguino/Penguin_Hair_D.png using Guid(a1b42682975025e439bf2c5dc2f83c8c) Importer(815301076,1909f56bfc062723c751e8b465ee728b) (PreviewImporter) -> (artifact id: '28758ae4c026a912fd8384d3f5d1c2e9') in 0.0223832 seconds
Number of updated asset objects reloaded before import = 0Number of asset objects unloaded after import = 2

========================================================================
Received Import Request.
  Time since last request: 96.203692 seconds.
  path: Assets/Scenes/Modelos/El pinguino/Materials/Model001_24_body_0.7_0_0Mat.mat
  artifactKey: Guid(e8b13d73f85ccb84f9a8d7c56041e683) Importer(815301076,1909f56bfc062723c751e8b465ee728b)
Start importing Assets/Scenes/Modelos/El pinguino/Materials/Model001_24_body_0.7_0_0Mat.mat using Guid(e8b13d73f85ccb84f9a8d7c56041e683) Importer(815301076,1909f56bfc062723c751e8b465ee728b) (PreviewImporter) -> (artifact id: '1b6a990dd52d454d974a6dc726dc8321') in 0.0871971 seconds
Number of updated asset objects reloaded before import = 0Number of asset objects unloaded after import = 1

========================================================================
Received Import Request.
  Time since last request: 0.000038 seconds.
  path: Assets/Scenes/Modelos/El pinguino/Materials/Model001_24_hand_0.6_0_0Mat.mat
  artifactKey: Guid(8b62e5e9dc7993e49a0ac44924391ea2) Importer(815301076,1909f56bfc062723c751e8b465ee728b)
Start importing Assets/Scenes/Modelos/El pinguino/Materials/Model001_24_hand_0.6_0_0Mat.mat using Guid(8b62e5e9dc7993e49a0ac44924391ea2) Importer(815301076,1909f56bfc062723c751e8b465ee728b) (PreviewImporter) -> (artifact id: 'da283c6e0eb7f27572290c6cbb281b85') in 0.0213581 seconds
Number of updated asset objects reloaded before import = 0Number of asset objects unloaded after import = 1

========================================================================
Received Import Request.
  Time since last request: 0.000055 seconds.
  path: Assets/Scenes/Modelos/El pinguino/Materials/Model001_25_jacket21nPart!_0.9_0_0Mat.mat
  artifactKey: Guid(9e69edf2ec3b86a4b82cd11d95a85a86) Importer(815301076,1909f56bfc062723c751e8b465ee728b)
Start importing Assets/Scenes/Modelos/El pinguino/Materials/Model001_25_jacket21nPart!_0.9_0_0Mat.mat using Guid(9e69edf2ec3b86a4b82cd11d95a85a86) Importer(815301076,1909f56bfc062723c751e8b465ee728b) (PreviewImporter) -> (artifact id: 'dee9c65504fb441ac412dde98003db11') in 0.0211788 seconds
Number of updated asset objects reloaded before import = 0Number of asset objects unloaded after import = 1

========================================================================
Received Import Request.
  Time since last request: 0.000060 seconds.
  path: Assets/Scenes/Modelos/El pinguino/Materials/Model001_25_jacket1_0.9_0_0_head_head_neck_upperMat.mat
  artifactKey: Guid(833c8c588b0312548ac27787fbd7b65e) Importer(815301076,1909f56bfc062723c751e8b465ee728b)
Start importing Assets/Scenes/Modelos/El pinguino/Materials/Model001_25_jacket1_0.9_0_0_head_head_neck_upperMat.mat using Guid(833c8c588b0312548ac27787fbd7b65e) Importer(815301076,1909f56bfc062723c751e8b465ee728b) (PreviewImporter) -> (artifact id: '255665e42e60d9e265cd7487bdf3f906') in 0.0169273 seconds
Number of updated asset objects reloaded before import = 0Number of asset objects unloaded after import = 1

========================================================================
Received Import Request.
  Time since last request: 179.498366 seconds.
  path: Assets/Scenes/Modelos/El pinguino/Materials/TeamEW,Rocksteady-Penguin-Model001_24_eye_0.7_0_0_feet_leg_left_toesMat.mat
  artifactKey: Guid(da019cee0b25ebf439de40717e93c80c) Importer(815301076,1909f56bfc062723c751e8b465ee728b)
Start importing Assets/Scenes/Modelos/El pinguino/Materials/TeamEW,Rocksteady-Penguin-Model001_24_eye_0.7_0_0_feet_leg_left_toesMat.mat using Guid(da019cee0b25ebf439de40717e93c80c) Importer(815301076,1909f56bfc062723c751e8b465ee728b) (PreviewImporter) -> (artifact id: '07730b671cbf2a99930a9f15dd9ad974') in 0.0187773 seconds
Number of updated asset objects reloaded before import = 0Number of asset objects unloaded after import = 1

========================================================================
Received Import Request.
  Time since last request: 0.000031 seconds.
  path: Assets/Scenes/Modelos/El pinguino/Materials/TeamEW,Rocksteady-Penguin-Model001_24_hand_0.6_0_0Mat.mat
  artifactKey: Guid(a2de850c13454664080bb9e681038acf) Importer(815301076,1909f56bfc062723c751e8b465ee728b)
Start importing Assets/Scenes/Modelos/El pinguino/Materials/TeamEW,Rocksteady-Penguin-Model001_24_hand_0.6_0_0Mat.mat using Guid(a2de850c13454664080bb9e681038acf) Importer(815301076,1909f56bfc062723c751e8b465ee728b) (PreviewImporter) -> (artifact id: '45ec080442c6a0fb77fb8415a43b32a1') in 0.0179142 seconds
Number of updated asset objects reloaded before import = 0Number of asset objects unloaded after import = 1

========================================================================
Received Import Request.
  Time since last request: 0.000053 seconds.
  path: Assets/Scenes/Modelos/El pinguino/Materials/TeamEW,Rocksteady-Penguin-Model001_25_fur_0.7_0_0_left_hand_arm_left_wristMat.mat
  artifactKey: Guid(5204e487df090a049bad7226a1d7d2c7) Importer(815301076,1909f56bfc062723c751e8b465ee728b)
Start importing Assets/Scenes/Modelos/El pinguino/Materials/TeamEW,Rocksteady-Penguin-Model001_25_fur_0.7_0_0_left_hand_arm_left_wristMat.mat using Guid(5204e487df090a049bad7226a1d7d2c7) Importer(815301076,1909f56bfc062723c751e8b465ee728b) (PreviewImporter) -> (artifact id: '40e054aed45112f0d8334f2a01813cb7') in 0.0256893 seconds
Number of updated asset objects reloaded before import = 0Number of asset objects unloaded after import = 1

========================================================================
Received Import Request.
  Time since last request: 0.000054 seconds.
  path: Assets/Scenes/Modelos/El pinguino/Materials/TeamEW,Rocksteady-Penguin-Model001_25_hair_0.7_0_0Mat.mat
  artifactKey: Guid(f78c00698738d7d408ea434f7430365d) Importer(815301076,1909f56bfc062723c751e8b465ee728b)
Start importing Assets/Scenes/Modelos/El pinguino/Materials/TeamEW,Rocksteady-Penguin-Model001_25_hair_0.7_0_0Mat.mat using Guid(f78c00698738d7d408ea434f7430365d) Importer(815301076,1909f56bfc062723c751e8b465ee728b) (PreviewImporter) -> (artifact id: 'c444d713442b57cb9ca38044b9f32535') in 0.020604 seconds
Number of updated asset objects reloaded before import = 0Number of asset objects unloaded after import = 1

========================================================================
Received Import Request.
  Time since last request: 0.980361 seconds.
  path: Assets/Scenes/Modelos/El pinguino/Materials/TeamEW,Rocksteady-Penguin-Model001_25_jacket21nPart!_0.9_0_0Mat.mat
  artifactKey: Guid(a332f1920031ccf468bb04f8f64c643e) Importer(815301076,1909f56bfc062723c751e8b465ee728b)
Start importing Assets/Scenes/Modelos/El pinguino/Materials/TeamEW,Rocksteady-Penguin-Model001_25_jacket21nPart!_0.9_0_0Mat.mat using Guid(a332f1920031ccf468bb04f8f64c643e) Importer(815301076,1909f56bfc062723c751e8b465ee728b) (PreviewImporter) -> (artifact id: '5c5bdd329446f3ceb809fccabc2e4bd2') in 0.0182077 seconds
Number of updated asset objects reloaded before import = 0Number of asset objects unloaded after import = 1

========================================================================
Received Import Request.
  Time since last request: 41.786871 seconds.
  path: Assets/Scenes/Modelos/El pinguino/Penguin_Body_N.png
  artifactKey: Guid(84b1f6e36b39044499f9218fc8d7aaf9) Importer(815301076,1909f56bfc062723c751e8b465ee728b)
Start importing Assets/Scenes/Modelos/El pinguino/Penguin_Body_N.png using Guid(84b1f6e36b39044499f9218fc8d7aaf9) Importer(815301076,1909f56bfc062723c751e8b465ee728b) (PreviewImporter) -> (artifact id: 'd0afaa33d9362eb9ff2f806ae9472b3f') in 0.0250598 seconds
Number of updated asset objects reloaded before import = 0Number of asset objects unloaded after import = 2

========================================================================
Received Import Request.
  Time since last request: 0.000029 seconds.
  path: Assets/Scenes/Modelos/El pinguino/Penguin_Hair_N.png
  artifactKey: Guid(5d15a2f9ad18f0f4781905c7fc80b216) Importer(815301076,1909f56bfc062723c751e8b465ee728b)
Start importing Assets/Scenes/Modelos/El pinguino/Penguin_Hair_N.png using Guid(5d15a2f9ad18f0f4781905c7fc80b216) Importer(815301076,1909f56bfc062723c751e8b465ee728b) (PreviewImporter) -> (artifact id: '6addf54a3c99a5e258d14471c3e6b5cb') in 0.0194197 seconds
Number of updated asset objects reloaded before import = 0Number of asset objects unloaded after import = 2

========================================================================
Received Import Request.
  Time since last request: 0.000033 seconds.
  path: Assets/Scenes/Modelos/El pinguino/Penguin_Head_D.png
  artifactKey: Guid(abfc65571038ead48b75ac37b5d0d84e) Importer(815301076,1909f56bfc062723c751e8b465ee728b)
Start importing Assets/Scenes/Modelos/El pinguino/Penguin_Head_D.png using Guid(abfc65571038ead48b75ac37b5d0d84e) Importer(815301076,1909f56bfc062723c751e8b465ee728b) (PreviewImporter) -> (artifact id: '1f3f7cd99dfdc6522c2b7305f92c4357') in 0.0219036 seconds
Number of updated asset objects reloaded before import = 0Number of asset objects unloaded after import = 2

========================================================================
Received Import Request.
  Time since last request: 15.295442 seconds.
  path: Assets/Scenes/Modelos/El pinguino/Penguin_Head_D 1.png
  artifactKey: Guid(88f8e0d7226901b41b5bf5c555775bff) Importer(815301076,1909f56bfc062723c751e8b465ee728b)
Start importing Assets/Scenes/Modelos/El pinguino/Penguin_Head_D 1.png using Guid(88f8e0d7226901b41b5bf5c555775bff) Importer(815301076,1909f56bfc062723c751e8b465ee728b) (PreviewImporter) -> (artifact id: '5f746b37a6232e78f716f48b70f8bff7') in 0.0211238 seconds
Number of updated asset objects reloaded before import = 0Number of asset objects unloaded after import = 2

========================================================================
Received Import Request.
  Time since last request: 0.000025 seconds.
  path: Assets/Scenes/Modelos/El pinguino/Penguin_Head_N 1.png
  artifactKey: Guid(fd9ad72f06e6faa4a9734ff815facf8c) Importer(815301076,1909f56bfc062723c751e8b465ee728b)
Start importing Assets/Scenes/Modelos/El pinguino/Penguin_Head_N 1.png using Guid(fd9ad72f06e6faa4a9734ff815facf8c) Importer(815301076,1909f56bfc062723c751e8b465ee728b) (PreviewImporter) -> (artifact id: '16fc9b7b1bd735124ff75022c120f624') in 0.0252047 seconds
Number of updated asset objects reloaded before import = 0Number of asset objects unloaded after import = 2

========================================================================
Received Import Request.
  Time since last request: 1.093180 seconds.
  path: Assets/Scenes/Modelos/El pinguino/Penguin_Hair_D 1.png
  artifactKey: Guid(42a4f9d8a02bbad4e9eef9f33de485fa) Importer(815301076,1909f56bfc062723c751e8b465ee728b)
Start importing Assets/Scenes/Modelos/El pinguino/Penguin_Hair_D 1.png using Guid(42a4f9d8a02bbad4e9eef9f33de485fa) Importer(815301076,1909f56bfc062723c751e8b465ee728b) (PreviewImporter) -> (artifact id: '5d3542804fdc5b64647af38870eb5e05') in 0.0218542 seconds
Number of updated asset objects reloaded before import = 0Number of asset objects unloaded after import = 2

========================================================================
Received Import Request.
  Time since last request: 203.779447 seconds.
  path: Assets/Scenes/Modelos/El pinguino/TeamEW,Rocksteady-Penguin 1.mtl
  artifactKey: Guid(8a41d3d12cc436741a80cbcfb4b41168) Importer(815301076,1909f56bfc062723c751e8b465ee728b)
Start importing Assets/Scenes/Modelos/El pinguino/TeamEW,Rocksteady-Penguin 1.mtl using Guid(8a41d3d12cc436741a80cbcfb4b41168) Importer(815301076,1909f56bfc062723c751e8b465ee728b) (PreviewImporter) -> (artifact id: 'f2ac7ae4e4795177b3145cdf43e31353') in 0.0023683 seconds
Number of updated asset objects reloaded before import = 0Number of asset objects unloaded after import = 1

========================================================================
Received Import Request.
  Time since last request: 9.336074 seconds.
  path: Assets/Scenes/Modelos/El pinguino/Model001_25_jacket1_0.9_0_0_head_head_neck_upperMat.mat
  artifactKey: Guid(8304c4c1550641d4baeccfa2a77850be) Importer(815301076,1909f56bfc062723c751e8b465ee728b)
Start importing Assets/Scenes/Modelos/El pinguino/Model001_25_jacket1_0.9_0_0_head_head_neck_upperMat.mat using Guid(8304c4c1550641d4baeccfa2a77850be) Importer(815301076,1909f56bfc062723c751e8b465ee728b) (PreviewImporter) -> (artifact id: 'fa908174f72f08d49264d838fb2a5083') in 0.0189812 seconds
Number of updated asset objects reloaded before import = 0Number of asset objects unloaded after import = 1

========================================================================
Received Import Request.
  Time since last request: 0.000029 seconds.
  path: Assets/Scenes/Modelos/El pinguino/Model001_25_jacket21nPart!_0.9_0_0Mat.mat
  artifactKey: Guid(fe87e14cfcd09484fa1cb4a4b094393d) Importer(815301076,1909f56bfc062723c751e8b465ee728b)
Start importing Assets/Scenes/Modelos/El pinguino/Model001_25_jacket21nPart!_0.9_0_0Mat.mat using Guid(fe87e14cfcd09484fa1cb4a4b094393d) Importer(815301076,1909f56bfc062723c751e8b465ee728b) (PreviewImporter) -> (artifact id: '4d246c44dd43ee90dd899f2cdfc52a33') in 0.0230059 seconds
Number of updated asset objects reloaded before import = 0Number of asset objects unloaded after import = 1

========================================================================
Received Import Request.
  Time since last request: 0.276598 seconds.
  path: Assets/Scenes/Modelos/El pinguino/Model001_24_hand_0.6_0_0Mat.mat
  artifactKey: Guid(48e072e99cafd5c41a078fe261880906) Importer(815301076,1909f56bfc062723c751e8b465ee728b)
Start importing Assets/Scenes/Modelos/El pinguino/Model001_24_hand_0.6_0_0Mat.mat using Guid(48e072e99cafd5c41a078fe261880906) Importer(815301076,1909f56bfc062723c751e8b465ee728b) (PreviewImporter) -> (artifact id: '8e5cf103865d4ab406713c4c31b0770c') in 0.017887 seconds
Number of updated asset objects reloaded before import = 0Number of asset objects unloaded after import = 1

========================================================================
Received Import Request.
  Time since last request: 0.000025 seconds.
  path: Assets/Scenes/Modelos/El pinguino/Model001_25_bottle_1.2_0_0_right_hand_arm_right_wristMat.mat
  artifactKey: Guid(752756a6f9601c2409dec093171c0ca7) Importer(815301076,1909f56bfc062723c751e8b465ee728b)
Start importing Assets/Scenes/Modelos/El pinguino/Model001_25_bottle_1.2_0_0_right_hand_arm_right_wristMat.mat using Guid(752756a6f9601c2409dec093171c0ca7) Importer(815301076,1909f56bfc062723c751e8b465ee728b) (PreviewImporter) -> (artifact id: '93972096cf25200e051f8de83aac8b01') in 0.0241671 seconds
Number of updated asset objects reloaded before import = 0Number of asset objects unloaded after import = 1

========================================================================
Received Import Request.
  Time since last request: 68.431751 seconds.
  path: Assets/Scenes/Modelos/El pinguino/Body_Alpha.png
  artifactKey: Guid(9b168a4d4efb348439268bfa64999f79) Importer(815301076,1909f56bfc062723c751e8b465ee728b)
Start importing Assets/Scenes/Modelos/El pinguino/Body_Alpha.png using Guid(9b168a4d4efb348439268bfa64999f79) Importer(815301076,1909f56bfc062723c751e8b465ee728b) (PreviewImporter) -> (artifact id: '0e7ad3b00bc08fecd4ac806b8f9ec07b') in 0.0255282 seconds
Number of updated asset objects reloaded before import = 0Number of asset objects unloaded after import = 2

========================================================================
Received Import Request.
  Time since last request: 0.000030 seconds.
  path: Assets/Scenes/Modelos/El pinguino/Body_Diffuse.png
  artifactKey: Guid(62cf53bb93836c74ea4c1ff8f666b37e) Importer(815301076,1909f56bfc062723c751e8b465ee728b)
Start importing Assets/Scenes/Modelos/El pinguino/Body_Diffuse.png using Guid(62cf53bb93836c74ea4c1ff8f666b37e) Importer(815301076,1909f56bfc062723c751e8b465ee728b) (PreviewImporter) -> (artifact id: 'a345dff60042a8a794907c94689e68cf') in 0.0248049 seconds
Number of updated asset objects reloaded before import = 0Number of asset objects unloaded after import = 2

========================================================================
Received Import Request.
  Time since last request: 0.000037 seconds.
  path: Assets/Scenes/Modelos/El pinguino/Penguin.obj
  artifactKey: Guid(eef95ac03d720bf46912c6c84ca3f2db) Importer(815301076,1909f56bfc062723c751e8b465ee728b)
Start importing Assets/Scenes/Modelos/El pinguino/Penguin.obj using Guid(eef95ac03d720bf46912c6c84ca3f2db) Importer(815301076,1909f56bfc062723c751e8b465ee728b) (PreviewImporter) -> (artifact id: 'ef69ec48412e33cd4cb549d3b8583e14') in 0.1184652 seconds
Number of updated asset objects reloaded before import = 0Number of asset objects unloaded after import = 11

========================================================================
Received Import Request.
  Time since last request: 7.905837 seconds.
  path: Assets/Scenes/Modelos/El pinguino/TPenguin_FX.png
  artifactKey: Guid(3ff985e9aaa617242961987055e48ef0) Importer(815301076,1909f56bfc062723c751e8b465ee728b)
Start importing Assets/Scenes/Modelos/El pinguino/TPenguin_FX.png using Guid(3ff985e9aaa617242961987055e48ef0) Importer(815301076,1909f56bfc062723c751e8b465ee728b) (PreviewImporter) -> (artifact id: 'c14cc7029f0f4b33bad0c503d3f7a936') in 0.0227196 seconds
Number of updated asset objects reloaded before import = 0Number of asset objects unloaded after import = 2

========================================================================
Received Import Request.
  Time since last request: 1838.361959 seconds.
  path: Assets/Scenes/Modelos/Bane/Bane1_Head_n.png
  artifactKey: Guid(e966847b991cff24d8efe546c1981d28) Importer(815301076,1909f56bfc062723c751e8b465ee728b)
Start importing Assets/Scenes/Modelos/Bane/Bane1_Head_n.png using Guid(e966847b991cff24d8efe546c1981d28) Importer(815301076,1909f56bfc062723c751e8b465ee728b) (PreviewImporter) -> (artifact id: '4713d771d21d478e36bad0d7511f64c6') in 0.0193174 seconds
Number of updated asset objects reloaded before import = 0Number of asset objects unloaded after import = 2

========================================================================
Received Import Request.
  Time since last request: 0.000424 seconds.
  path: Assets/Scenes/Modelos/Bane/Bane1_Innards_n.png
  artifactKey: Guid(9d7a47b606f21c044b653acf072f63b8) Importer(815301076,1909f56bfc062723c751e8b465ee728b)
Start importing Assets/Scenes/Modelos/Bane/Bane1_Innards_n.png using Guid(9d7a47b606f21c044b653acf072f63b8) Importer(815301076,1909f56bfc062723c751e8b465ee728b) (PreviewImporter) -> (artifact id: '6c78b3ddbe86b56dfcec6421394438ca') in 0.0208747 seconds
Number of updated asset objects reloaded before import = 0Number of asset objects unloaded after import = 2

========================================================================
Received Import Request.
  Time since last request: 0.000032 seconds.
  path: Assets/Scenes/Modelos/Bane/Bane1_Jacket_n.png
  artifactKey: Guid(366b9fe2287398749b2505b953df047c) Importer(815301076,1909f56bfc062723c751e8b465ee728b)
Start importing Assets/Scenes/Modelos/Bane/Bane1_Jacket_n.png using Guid(366b9fe2287398749b2505b953df047c) Importer(815301076,1909f56bfc062723c751e8b465ee728b) (PreviewImporter) -> (artifact id: 'd77944e01afa8215f9c7bd772c3d52ff') in 0.0184986 seconds
Number of updated asset objects reloaded before import = 0Number of asset objects unloaded after import = 2

========================================================================
Received Import Request.
  Time since last request: 0.000033 seconds.
  path: Assets/Scenes/Modelos/Bane/Batman Arkham Origins Bane.obj
  artifactKey: Guid(e9eb8c0639e90ac43b1635c37bacd904) Importer(815301076,1909f56bfc062723c751e8b465ee728b)
Start importing Assets/Scenes/Modelos/Bane/Batman Arkham Origins Bane.obj using Guid(e9eb8c0639e90ac43b1635c37bacd904) Importer(815301076,1909f56bfc062723c751e8b465ee728b) (PreviewImporter) -> (artifact id: 'd9af26683a971c9866aebf5edd2d97ba') in 0.1149822 seconds
Number of updated asset objects reloaded before import = 0Number of asset objects unloaded after import = 40

========================================================================
Received Import Request.
  Time since last request: 30.541433 seconds.
  path: Assets/Scenes/Modelos/Bane/Model001_24_eyes_1_0_0Mat.mat
  artifactKey: Guid(9f5a4868d8db4c24cbbfcb7a6bdb695e) Importer(815301076,1909f56bfc062723c751e8b465ee728b)
Start importing Assets/Scenes/Modelos/Bane/Model001_24_eyes_1_0_0Mat.mat using Guid(9f5a4868d8db4c24cbbfcb7a6bdb695e) Importer(815301076,1909f56bfc062723c751e8b465ee728b) (PreviewImporter) -> (artifact id: 'd57f0fec6fd283431ba298f2496bcef5') in 0.0171032 seconds
Number of updated asset objects reloaded before import = 0Number of asset objects unloaded after import = 1

========================================================================
Received Import Request.
  Time since last request: 0.000026 seconds.
  path: Assets/Scenes/Modelos/Bane/Model001_24_head_1_0_0Mat.mat
  artifactKey: Guid(6962327791bb4c24f893a3d5496de519) Importer(815301076,1909f56bfc062723c751e8b465ee728b)
Start importing Assets/Scenes/Modelos/Bane/Model001_24_head_1_0_0Mat.mat using Guid(6962327791bb4c24f893a3d5496de519) Importer(815301076,1909f56bfc062723c751e8b465ee728b) (PreviewImporter) -> (artifact id: '83e4caf2ba0ceec29b985e796d0af22a') in 0.0159252 seconds
Number of updated asset objects reloaded before import = 0Number of asset objects unloaded after import = 1

========================================================================
Received Import Request.
  Time since last request: 0.000023 seconds.
  path: Assets/Scenes/Modelos/Bane/Model001_24_legs_1_0_0Mat.mat
  artifactKey: Guid(05587693f8337f5468faa95337a1a1fa) Importer(815301076,1909f56bfc062723c751e8b465ee728b)
Start importing Assets/Scenes/Modelos/Bane/Model001_24_legs_1_0_0Mat.mat using Guid(05587693f8337f5468faa95337a1a1fa) Importer(815301076,1909f56bfc062723c751e8b465ee728b) (PreviewImporter) -> (artifact id: '099d17db4409e60dae18f8b8aad9ff73') in 0.0232973 seconds
Number of updated asset objects reloaded before import = 0Number of asset objects unloaded after import = 1

========================================================================
Received Import Request.
  Time since last request: 0.000031 seconds.
  path: Assets/Scenes/Modelos/Bane/Model001_24_innards_1_0_0Mat.mat
  artifactKey: Guid(d9b9628967fc556439ae4e86d38d4166) Importer(815301076,1909f56bfc062723c751e8b465ee728b)
Start importing Assets/Scenes/Modelos/Bane/Model001_24_innards_1_0_0Mat.mat using Guid(d9b9628967fc556439ae4e86d38d4166) Importer(815301076,1909f56bfc062723c751e8b465ee728b) (PreviewImporter) -> (artifact id: '24ea522195c3b5d9ace7fe945935ed7d') in 0.0256505 seconds
Number of updated asset objects reloaded before import = 0Number of asset objects unloaded after import = 1

========================================================================
Received Import Request.
  Time since last request: 0.000026 seconds.
  path: Assets/Scenes/Modelos/Bane/Model001_24_jacket1nPart!_1_0_0Mat.mat
  artifactKey: Guid(7d9996dd27bc7ea44b137ee71693ca0d) Importer(815301076,1909f56bfc062723c751e8b465ee728b)
Start importing Assets/Scenes/Modelos/Bane/Model001_24_jacket1nPart!_1_0_0Mat.mat using Guid(7d9996dd27bc7ea44b137ee71693ca0d) Importer(815301076,1909f56bfc062723c751e8b465ee728b) (PreviewImporter) -> (artifact id: '725386af01b056c677cedb23f993c410') in 0.0161477 seconds
Number of updated asset objects reloaded before import = 0Number of asset objects unloaded after import = 1

========================================================================
Received Import Request.
  Time since last request: 472.577209 seconds.
  path: Assets/Scenes/Modelos/Two Face/Twoface_Eye_D.png
  artifactKey: Guid(77e591f0879a43048adf4d19c57b793c) Importer(815301076,1909f56bfc062723c751e8b465ee728b)
Start importing Assets/Scenes/Modelos/Two Face/Twoface_Eye_D.png using Guid(77e591f0879a43048adf4d19c57b793c) Importer(815301076,1909f56bfc062723c751e8b465ee728b) (PreviewImporter) -> (artifact id: 'ea30e2240353b33c5e1dab5aedd7ad70') in 0.0241563 seconds
Number of updated asset objects reloaded before import = 0Number of asset objects unloaded after import = 2

========================================================================
Received Import Request.
  Time since last request: 0.000037 seconds.
  path: Assets/Scenes/Modelos/Two Face/TwoFace_Sleeve_N.png
  artifactKey: Guid(c29ed4673ee10744c8e69939aca1d7ca) Importer(815301076,1909f56bfc062723c751e8b465ee728b)
Start importing Assets/Scenes/Modelos/Two Face/TwoFace_Sleeve_N.png using Guid(c29ed4673ee10744c8e69939aca1d7ca) Importer(815301076,1909f56bfc062723c751e8b465ee728b) (PreviewImporter) -> (artifact id: '1dea3ac9cace6679ea545282b9b379d6') in 0.021101 seconds
Number of updated asset objects reloaded before import = 0Number of asset objects unloaded after import = 2

========================================================================
Received Import Request.
  Time since last request: 0.000042 seconds.
  path: Assets/Scenes/Modelos/Two Face/TwoFaceJacket_D.png
  artifactKey: Guid(6af15aeb61724f3448d6f81e4f92798c) Importer(815301076,1909f56bfc062723c751e8b465ee728b)
Start importing Assets/Scenes/Modelos/Two Face/TwoFaceJacket_D.png using Guid(6af15aeb61724f3448d6f81e4f92798c) Importer(815301076,1909f56bfc062723c751e8b465ee728b) (PreviewImporter) -> (artifact id: 'bfbc046dff489dfd88912f397c52d6ff') in 0.0246269 seconds
Number of updated asset objects reloaded before import = 0Number of asset objects unloaded after import = 2

========================================================================
Received Import Request.
  Time since last request: 0.000028 seconds.
  path: Assets/Scenes/Modelos/Two Face/TwoFace_Hair_D.png
  artifactKey: Guid(fa8f20d27c1ca764191d5c567723d83a) Importer(815301076,1909f56bfc062723c751e8b465ee728b)
Start importing Assets/Scenes/Modelos/Two Face/TwoFace_Hair_D.png using Guid(fa8f20d27c1ca764191d5c567723d83a) Importer(815301076,1909f56bfc062723c751e8b465ee728b) (PreviewImporter) -> (artifact id: 'd12a30f102a3db2afa97e920e4fece0b') in 0.0228904 seconds
Number of updated asset objects reloaded before import = 0Number of asset objects unloaded after import = 2

========================================================================
Received Import Request.
  Time since last request: 0.000026 seconds.
  path: Assets/Scenes/Modelos/Two Face/TwoFace_Head_N.png
  artifactKey: Guid(6e882edbf59d2e04394e6a2da7ea096c) Importer(815301076,1909f56bfc062723c751e8b465ee728b)
Start importing Assets/Scenes/Modelos/Two Face/TwoFace_Head_N.png using Guid(6e882edbf59d2e04394e6a2da7ea096c) Importer(815301076,1909f56bfc062723c751e8b465ee728b) (PreviewImporter) -> (artifact id: 'ce845a625a21693ee401a03d63d1f08e') in 0.0190944 seconds
Number of updated asset objects reloaded before import = 0Number of asset objects unloaded after import = 2

========================================================================
Received Import Request.
  Time since last request: 0.000037 seconds.
  path: Assets/Scenes/Modelos/Two Face/TwoFaceTousers_D.png
  artifactKey: Guid(433d3b9760c1add43ab28d9e12a251bb) Importer(815301076,1909f56bfc062723c751e8b465ee728b)
Start importing Assets/Scenes/Modelos/Two Face/TwoFaceTousers_D.png using Guid(433d3b9760c1add43ab28d9e12a251bb) Importer(815301076,1909f56bfc062723c751e8b465ee728b) (PreviewImporter) -> (artifact id: '2dc0969833040bad91b3dd58db8c09f4') in 0.021245 seconds
Number of updated asset objects reloaded before import = 0Number of asset objects unloaded after import = 2

========================================================================
Received Import Request.
  Time since last request: 0.000025 seconds.
  path: Assets/Scenes/Modelos/Two Face/TwoFaceTousers_N.png
  artifactKey: Guid(f1b622382a27dfb448c7c25654b7c5b0) Importer(815301076,1909f56bfc062723c751e8b465ee728b)
Start importing Assets/Scenes/Modelos/Two Face/TwoFaceTousers_N.png using Guid(f1b622382a27dfb448c7c25654b7c5b0) Importer(815301076,1909f56bfc062723c751e8b465ee728b) (PreviewImporter) -> (artifact id: 'bc086f18ba25d2371f10c2070ebbad85') in 0.0228533 seconds
Number of updated asset objects reloaded before import = 0Number of asset objects unloaded after import = 2

========================================================================
Received Import Request.
  Time since last request: 0.000065 seconds.
  path: Assets/Scenes/Modelos/Two Face/TwoFaceJacket_N.png
  artifactKey: Guid(4185e0ebb336d4c4a86d6b2d64a3810e) Importer(815301076,1909f56bfc062723c751e8b465ee728b)
Start importing Assets/Scenes/Modelos/Two Face/TwoFaceJacket_N.png using Guid(4185e0ebb336d4c4a86d6b2d64a3810e) Importer(815301076,1909f56bfc062723c751e8b465ee728b) (PreviewImporter) -> (artifact id: '7a2696d640b8a2beb5518f2e2db53ce4') in 0.0203767 seconds
Number of updated asset objects reloaded before import = 0Number of asset objects unloaded after import = 2

========================================================================
Received Import Request.
  Time since last request: 0.000033 seconds.
  path: Assets/Scenes/Modelos/Two Face/TwoFace_Hair_N.png
  artifactKey: Guid(35b22fc9226db724da1f5acec63f764e) Importer(815301076,1909f56bfc062723c751e8b465ee728b)
Start importing Assets/Scenes/Modelos/Two Face/TwoFace_Hair_N.png using Guid(35b22fc9226db724da1f5acec63f764e) Importer(815301076,1909f56bfc062723c751e8b465ee728b) (PreviewImporter) -> (artifact id: '9bc7efc33f44903b767e2688e68e9f37') in 0.0183651 seconds
Number of updated asset objects reloaded before import = 0Number of asset objects unloaded after import = 2

========================================================================
Received Import Request.
  Time since last request: 91.843992 seconds.
  path: Assets/Scenes/Modelos/Two Face/Model001_5_eyeL_0.5_0_0_head_head_neck_upperMat.mat
  artifactKey: Guid(15985cc78052a3940811d9b00002729f) Importer(815301076,1909f56bfc062723c751e8b465ee728b)
Start importing Assets/Scenes/Modelos/Two Face/Model001_5_eyeL_0.5_0_0_head_head_neck_upperMat.mat using Guid(15985cc78052a3940811d9b00002729f) Importer(815301076,1909f56bfc062723c751e8b465ee728b) (PreviewImporter) -> (artifact id: 'b8a1883de641dc6c743b8d403450b216') in 0.0223777 seconds
Number of updated asset objects reloaded before import = 0Number of asset objects unloaded after import = 1

========================================================================
Received Import Request.
  Time since last request: 0.000035 seconds.
  path: Assets/Scenes/Modelos/Two Face/Model001_25_trousers_0.7_0_0Mat.mat
  artifactKey: Guid(103ca035afafbba4995dfd05dde38be6) Importer(815301076,1909f56bfc062723c751e8b465ee728b)
Start importing Assets/Scenes/Modelos/Two Face/Model001_25_trousers_0.7_0_0Mat.mat using Guid(103ca035afafbba4995dfd05dde38be6) Importer(815301076,1909f56bfc062723c751e8b465ee728b) (PreviewImporter) -> (artifact id: '9bfbd1865529e2762e054052137d2ebd') in 0.0574478 seconds
Number of updated asset objects reloaded before import = 0Number of asset objects unloaded after import = 1

========================================================================
Received Import Request.
  Time since last request: 0.000029 seconds.
  path: Assets/Scenes/Modelos/Two Face/Model001_25_hair_0.7_0_0_right_hand_arm_right_wristMat.mat
  artifactKey: Guid(f668b4053b441c6459a316675bca6d52) Importer(815301076,1909f56bfc062723c751e8b465ee728b)
Start importing Assets/Scenes/Modelos/Two Face/Model001_25_hair_0.7_0_0_right_hand_arm_right_wristMat.mat using Guid(f668b4053b441c6459a316675bca6d52) Importer(815301076,1909f56bfc062723c751e8b465ee728b) (PreviewImporter) -> (artifact id: '666877bf7ba1cb7617bc3d76e3a0c6ac') in 0.0237931 seconds
Number of updated asset objects reloaded before import = 0Number of asset objects unloaded after import = 1

========================================================================
Received Import Request.
  Time since last request: 0.000031 seconds.
  path: Assets/Scenes/Modelos/Two Face/Model001_24_jacket_0.7_0_0Mat.mat
  artifactKey: Guid(3d836b29f4b26314ca3c0062cd047529) Importer(815301076,1909f56bfc062723c751e8b465ee728b)
Start importing Assets/Scenes/Modelos/Two Face/Model001_24_jacket_0.7_0_0Mat.mat using Guid(3d836b29f4b26314ca3c0062cd047529) Importer(815301076,1909f56bfc062723c751e8b465ee728b) (PreviewImporter) -> (artifact id: 'fc73cd83516493bc6699ed3e5a980f2f') in 0.0221847 seconds
Number of updated asset objects reloaded before import = 0Number of asset objects unloaded after import = 1

========================================================================
Received Import Request.
  Time since last request: 0.000060 seconds.
  path: Assets/Scenes/Modelos/Two Face/Model001_25_sleeve_0.7_0_0_feet_leg_left_ankleMat.mat
  artifactKey: Guid(e95d9f247a926b0459e9b7e0605b9c70) Importer(815301076,1909f56bfc062723c751e8b465ee728b)
Start importing Assets/Scenes/Modelos/Two Face/Model001_25_sleeve_0.7_0_0_feet_leg_left_ankleMat.mat using Guid(e95d9f247a926b0459e9b7e0605b9c70) Importer(815301076,1909f56bfc062723c751e8b465ee728b) (PreviewImporter) -> (artifact id: '36be33f0868c68ff576157d9423efe24') in 0.0334458 seconds
Number of updated asset objects reloaded before import = 0Number of asset objects unloaded after import = 1

========================================================================
Received Import Request.
  Time since last request: 0.000034 seconds.
  path: Assets/Scenes/Modelos/Two Face/Model001_24_head_0.7_0_0_body_spine_upperMat.mat
  artifactKey: Guid(69ea910f5c2a10b4fafa47d2bca3f7c2) Importer(815301076,1909f56bfc062723c751e8b465ee728b)
Start importing Assets/Scenes/Modelos/Two Face/Model001_24_head_0.7_0_0_body_spine_upperMat.mat using Guid(69ea910f5c2a10b4fafa47d2bca3f7c2) Importer(815301076,1909f56bfc062723c751e8b465ee728b) (PreviewImporter) -> (artifact id: '96a5930904e40e6e2cdb1b8726dacd4a') in 0.023319 seconds
Number of updated asset objects reloaded before import = 0Number of asset objects unloaded after import = 1

========================================================================
Received Import Request.
  Time since last request: 876.316996 seconds.
  path: Assets/Scenes/Modelos/Harley quinn/harley_body_d.png
  artifactKey: Guid(a7d7d5ef00a80bf45bbde5975532cd82) Importer(815301076,1909f56bfc062723c751e8b465ee728b)
Start importing Assets/Scenes/Modelos/Harley quinn/harley_body_d.png using Guid(a7d7d5ef00a80bf45bbde5975532cd82) Importer(815301076,1909f56bfc062723c751e8b465ee728b) (PreviewImporter) -> (artifact id: '25a0df9d0b21ac7d05c98d0ee26873eb') in 0.023899 seconds
Number of updated asset objects reloaded before import = 0Number of asset objects unloaded after import = 2

========================================================================
Received Import Request.
  Time since last request: 0.000047 seconds.
  path: Assets/Scenes/Modelos/Harley quinn/harley_limbs_n.png
  artifactKey: Guid(0f6654e6e33d52d4bb1c51e32088c8b7) Importer(815301076,1909f56bfc062723c751e8b465ee728b)
Start importing Assets/Scenes/Modelos/Harley quinn/harley_limbs_n.png using Guid(0f6654e6e33d52d4bb1c51e32088c8b7) Importer(815301076,1909f56bfc062723c751e8b465ee728b) (PreviewImporter) -> (artifact id: '70d5aa86e924473cff5dd229f3cc8698') in 0.0246769 seconds
Number of updated asset objects reloaded before import = 0Number of asset objects unloaded after import = 2

========================================================================
Received Import Request.
  Time since last request: 0.000035 seconds.
  path: Assets/Scenes/Modelos/Harley quinn/harley_head_d_clean.png
  artifactKey: Guid(50fee6eb845fb3843839518c11c2acf1) Importer(815301076,1909f56bfc062723c751e8b465ee728b)
Start importing Assets/Scenes/Modelos/Harley quinn/harley_head_d_clean.png using Guid(50fee6eb845fb3843839518c11c2acf1) Importer(815301076,1909f56bfc062723c751e8b465ee728b) (PreviewImporter) -> (artifact id: '8fa36b0db6d4fbaa60f91c67e3702bd8') in 0.0272185 seconds
Number of updated asset objects reloaded before import = 0Number of asset objects unloaded after import = 2

========================================================================
Received Import Request.
  Time since last request: 0.000029 seconds.
  path: Assets/Scenes/Modelos/Harley quinn/harley_hair_d.png
  artifactKey: Guid(4221bcb50df257449b7056d9ce124b1d) Importer(815301076,1909f56bfc062723c751e8b465ee728b)
Start importing Assets/Scenes/Modelos/Harley quinn/harley_hair_d.png using Guid(4221bcb50df257449b7056d9ce124b1d) Importer(815301076,1909f56bfc062723c751e8b465ee728b) (PreviewImporter) -> (artifact id: '9d7103f1a561acae0a71feae03b58ced') in 0.0206414 seconds
Number of updated asset objects reloaded before import = 0Number of asset objects unloaded after import = 2

========================================================================
Received Import Request.
  Time since last request: 0.000033 seconds.
  path: Assets/Scenes/Modelos/Harley quinn/harley_body_n.png
  artifactKey: Guid(e1b97edbb15be12408bf2fbdcd32c69d) Importer(815301076,1909f56bfc062723c751e8b465ee728b)
Start importing Assets/Scenes/Modelos/Harley quinn/harley_body_n.png using Guid(e1b97edbb15be12408bf2fbdcd32c69d) Importer(815301076,1909f56bfc062723c751e8b465ee728b) (PreviewImporter) -> (artifact id: '5583d82fd429ef6f13e118fa8e832674') in 0.0229767 seconds
Number of updated asset objects reloaded before import = 0Number of asset objects unloaded after import = 2

========================================================================
Received Import Request.
  Time since last request: 0.000050 seconds.
  path: Assets/Scenes/Modelos/Harley quinn/harley_limbs_d.png
  artifactKey: Guid(a3b8c8e2699113e41bd48b8d133d130a) Importer(815301076,1909f56bfc062723c751e8b465ee728b)
Start importing Assets/Scenes/Modelos/Harley quinn/harley_limbs_d.png using Guid(a3b8c8e2699113e41bd48b8d133d130a) Importer(815301076,1909f56bfc062723c751e8b465ee728b) (PreviewImporter) -> (artifact id: 'caae9d9faedf5197d4942cdefba83f2a') in 0.0215309 seconds
Number of updated asset objects reloaded before import = 0Number of asset objects unloaded after import = 2

========================================================================
Received Import Request.
  Time since last request: 0.000040 seconds.
  path: Assets/Scenes/Modelos/Harley quinn/harley_hair_n.png
  artifactKey: Guid(7923caea9eaae7042ada61c60acdeee9) Importer(815301076,1909f56bfc062723c751e8b465ee728b)
Start importing Assets/Scenes/Modelos/Harley quinn/harley_hair_n.png using Guid(7923caea9eaae7042ada61c60acdeee9) Importer(815301076,1909f56bfc062723c751e8b465ee728b) (PreviewImporter) -> (artifact id: '3192f5aed0b3bd7dc76b1659b46db859') in 0.0208355 seconds
Number of updated asset objects reloaded before import = 0Number of asset objects unloaded after import = 2

========================================================================
Received Import Request.
  Time since last request: 0.000022 seconds.
  path: Assets/Scenes/Modelos/Harley quinn/Harley_Eyewhites_N.png
  artifactKey: Guid(1537b858fa06cd74887b5e7d207ff9a9) Importer(815301076,1909f56bfc062723c751e8b465ee728b)
Start importing Assets/Scenes/Modelos/Harley quinn/Harley_Eyewhites_N.png using Guid(1537b858fa06cd74887b5e7d207ff9a9) Importer(815301076,1909f56bfc062723c751e8b465ee728b) (PreviewImporter) -> (artifact id: 'ba32a7d866da4f8eba95b5f12bb1340e') in 0.0181453 seconds
Number of updated asset objects reloaded before import = 0Number of asset objects unloaded after import = 2

========================================================================
Received Import Request.
  Time since last request: 40.434602 seconds.
  path: Assets/Scenes/Modelos/Harley quinn/Model001_24_armslegs_0.7_0_0Mat.mat
  artifactKey: Guid(76f1b268949f6e54b9c11cef6bca8a31) Importer(815301076,1909f56bfc062723c751e8b465ee728b)
Start importing Assets/Scenes/Modelos/Harley quinn/Model001_24_armslegs_0.7_0_0Mat.mat using Guid(76f1b268949f6e54b9c11cef6bca8a31) Importer(815301076,1909f56bfc062723c751e8b465ee728b) (PreviewImporter) -> (artifact id: 'b91553b1d27a011452bd73d88373aa61') in 0.0174997 seconds
Number of updated asset objects reloaded before import = 0Number of asset objects unloaded after import = 1

========================================================================
Received Import Request.
  Time since last request: 0.000066 seconds.
  path: Assets/Scenes/Modelos/Harley quinn/Model001_24_hands_0.7_0_0Mat.mat
  artifactKey: Guid(389620440d17c7c45b67b7b5ae0930f2) Importer(815301076,1909f56bfc062723c751e8b465ee728b)
Start importing Assets/Scenes/Modelos/Harley quinn/Model001_24_hands_0.7_0_0Mat.mat using Guid(389620440d17c7c45b67b7b5ae0930f2) Importer(815301076,1909f56bfc062723c751e8b465ee728b) (PreviewImporter) -> (artifact id: '7301fab82aaa09bc46974df41d05fb48') in 0.0197902 seconds
Number of updated asset objects reloaded before import = 0Number of asset objects unloaded after import = 1

========================================================================
Received Import Request.
  Time since last request: 0.000030 seconds.
  path: Assets/Scenes/Modelos/Harley quinn/Model001_25_hair_0.5_0_0Mat.mat
  artifactKey: Guid(2f89f3d2788a2134987a8208e207796e) Importer(815301076,1909f56bfc062723c751e8b465ee728b)
Start importing Assets/Scenes/Modelos/Harley quinn/Model001_25_hair_0.5_0_0Mat.mat using Guid(2f89f3d2788a2134987a8208e207796e) Importer(815301076,1909f56bfc062723c751e8b465ee728b) (PreviewImporter) -> (artifact id: 'db384a673d522db583c8aa5a92216f35') in 0.0168313 seconds
Number of updated asset objects reloaded before import = 0Number of asset objects unloaded after import = 1

========================================================================
Received Import Request.
  Time since last request: 0.000023 seconds.
  path: Assets/Scenes/Modelos/Harley quinn/Model001_24_body_0.7_0_0Mat.mat
  artifactKey: Guid(514901d7e01b7694a818385597667c26) Importer(815301076,1909f56bfc062723c751e8b465ee728b)
Start importing Assets/Scenes/Modelos/Harley quinn/Model001_24_body_0.7_0_0Mat.mat using Guid(514901d7e01b7694a818385597667c26) Importer(815301076,1909f56bfc062723c751e8b465ee728b) (PreviewImporter) -> (artifact id: '2d73d20a9e21cd7fc287d14af9cf0de9') in 0.0290561 seconds
Number of updated asset objects reloaded before import = 0Number of asset objects unloaded after import = 1

========================================================================
Received Import Request.
  Time since last request: 0.000389 seconds.
  path: Assets/Scenes/Modelos/Harley quinn/Model001_24_head_0.7_0_0Mat.mat
  artifactKey: Guid(70421d2a6c5d7e3418b0853989a9188d) Importer(815301076,1909f56bfc062723c751e8b465ee728b)
Start importing Assets/Scenes/Modelos/Harley quinn/Model001_24_head_0.7_0_0Mat.mat using Guid(70421d2a6c5d7e3418b0853989a9188d) Importer(815301076,1909f56bfc062723c751e8b465ee728b) (PreviewImporter) -> (artifact id: '27f2b16b50a447810fa008cb02673e0d') in 0.0176532 seconds
Number of updated asset objects reloaded before import = 0Number of asset objects unloaded after import = 1

========================================================================
Received Import Request.
  Time since last request: 2279.141608 seconds.
  path: Assets/Scenes/Materiales/Techo/stone_tiles_nor_gl_4k.png
  artifactKey: Guid(3f42888526d343e418077d2737fed979) Importer(815301076,1909f56bfc062723c751e8b465ee728b)
Start importing Assets/Scenes/Materiales/Techo/stone_tiles_nor_gl_4k.png using Guid(3f42888526d343e418077d2737fed979) Importer(815301076,1909f56bfc062723c751e8b465ee728b) (PreviewImporter) -> (artifact id: '66d5c535852b8bdc8f50f2c3ee0a9331') in 0.0534309 seconds
Number of updated asset objects reloaded before import = 0Number of asset objects unloaded after import = 2

